<?xml version="1.0" encoding="UTF-8"?>
<!-- Generated by org.testng.reporters.JUnitReportReporter -->
<testsuite hostname="DESKTOP-2AFDCIK" failures="0" tests="6" name="com.epam.cdp.CalcUnitTests.Tests.MultCalcTestLong" time="0.000" errors="0" timestamp="28 июн. 2018 16:18:30 GMT" skipped="0">
  <testcase classname="com.epam.cdp.CalcUnitTests.Tests.MultCalcTestLong" name="multTest" time="0.000"/>
  <testcase classname="com.epam.cdp.CalcUnitTests.Tests.MultCalcTestLong" name="multTest" time="0.000"/>
  <testcase classname="com.epam.cdp.CalcUnitTests.Tests.MultCalcTestLong" name="multTest" time="0.000"/>
  <testcase classname="com.epam.cdp.CalcUnitTests.Tests.MultCalcTestLong" name="multTest" time="0.000"/>
  <testcase classname="com.epam.cdp.CalcUnitTests.Tests.MultCalcTestLong" name="multTest" time="0.000"/>
  <testcase classname="com.epam.cdp.CalcUnitTests.Tests.MultCalcTestLong" name="multTest" time="0.000"/>
</testsuite> <!-- com.epam.cdp.CalcUnitTests.Tests.MultCalcTestLong -->
