<?xml version="1.0" encoding="UTF-8"?>
<!-- Generated by org.testng.reporters.JUnitReportReporter -->
<testsuite hostname="DESKTOP-2AFDCIK" failures="0" tests="1" name="com.epam.cdp.calc_unit_tests.tests.SubCalcTestLong" time="0.007" errors="0" timestamp="04 июл. 2018 18:22:09 GMT" skipped="0">
  <testcase classname="com.epam.cdp.calc_unit_tests.tests.SubCalcTestLong" name="subTest" time="0.007"/>
</testsuite> <!-- com.epam.cdp.calc_unit_tests.tests.SubCalcTestLong -->
