<?xml version="1.0" encoding="UTF-8"?>
<!-- Generated by org.testng.reporters.JUnitReportReporter -->
<testsuite hostname="DESKTOP-2AFDCIK" failures="0" tests="1" name="com.epam.cdp.CalcUnitTests.Tests.SubCalcTestLong" time="0.015" errors="0" timestamp="28 июн. 2018 16:18:30 GMT" skipped="0">
  <testcase classname="com.epam.cdp.CalcUnitTests.Tests.SubCalcTestLong" name="subTest" time="0.015"/>
</testsuite> <!-- com.epam.cdp.CalcUnitTests.Tests.SubCalcTestLong -->
